<?xml version="1.0"?>
<!DOCTYPE coverage SYSTEM "http://cobertura.sourceforge.net/xml/coverage-04.dtd">

<coverage line-rate="0.7153558052434457" branch-rate="0.1743119266055046" lines-covered="191" lines-valid="267" branches-covered="38" branches-valid="218" complexity="2.2413793103448274" version="2.1.1" timestamp="1450209796354">
	<sources>
		<source>/home/r/repo/src/main/java</source>
		<source>--source</source>
		<source>/home/r/repo/target/generated-sources/annotations</source>
	</sources>
	<packages>
		<package name="com.jcabi.jdbc" line-rate="0.7153558052434457" branch-rate="0.1743119266055046" complexity="2.2413793103448274">
			<classes>
				<class name="com.jcabi.jdbc.ColumnOutcome" filename="com/jcabi/jdbc/ColumnOutcome.java" line-rate="0.48484848484848486" branch-rate="0.09523809523809523" complexity="7.333333333333333">
					<methods>
						<method name="&lt;clinit&gt;" signature="()V" line-rate="1.0" branch-rate="1.0" complexity="0">
							<lines>
							</lines>
						</method>
						<method name="&lt;init&gt;" signature="(Ljava/lang/Class;)V" line-rate="0.8" branch-rate="0.07142857142857142" complexity="0">
							<lines>
								<line number="74" hits="1" branch="false"/>
								<line number="76" hits="1" branch="true" condition-coverage="7% (1/14)">
									<conditions>
										<condition number="0" type="jump" coverage="50%"/>
										<condition number="1" type="jump" coverage="0%"/>
										<condition number="2" type="jump" coverage="0%"/>
										<condition number="3" type="jump" coverage="0%"/>
										<condition number="4" type="jump" coverage="0%"/>
										<condition number="5" type="jump" coverage="0%"/>
										<condition number="6" type="jump" coverage="0%"/>
									</conditions>
								</line>
								<line number="81" hits="1" branch="false"/>
								<line number="83" hits="0" branch="false"/>
								<line number="87" hits="1" branch="false"/>
							</lines>
						</method>
						<method name="ajc$preClinit" signature="()V" line-rate="1.0" branch-rate="1.0" complexity="0">
							<lines>
								<line number="1" hits="2" branch="false"/>
							</lines>
						</method>
						<method name="equals" signature="(Ljava/lang/Object;)Z" line-rate="1.0" branch-rate="1.0" complexity="0">
							<lines>
							</lines>
						</method>
						<method name="fetch" signature="(Ljava/sql/ResultSet;)Ljava/lang/Object;" line-rate="0.25" branch-rate="0.07142857142857142" complexity="0">
							<lines>
								<line number="111" hits="2" branch="false"/>
								<line number="112" hits="2" branch="true" condition-coverage="50% (1/2)">
									<conditions>
										<condition number="0" type="jump" coverage="50%"/>
									</conditions>
								</line>
								<line number="113" hits="2" branch="false"/>
								<line number="114" hits="0" branch="true" condition-coverage="0% (0/2)">
									<conditions>
										<condition number="0" type="jump" coverage="0%"/>
									</conditions>
								</line>
								<line number="115" hits="0" branch="false"/>
								<line number="116" hits="0" branch="true" condition-coverage="0% (0/2)">
									<conditions>
										<condition number="0" type="jump" coverage="0%"/>
									</conditions>
								</line>
								<line number="117" hits="0" branch="false"/>
								<line number="118" hits="0" branch="true" condition-coverage="0% (0/2)">
									<conditions>
										<condition number="0" type="jump" coverage="0%"/>
									</conditions>
								</line>
								<line number="119" hits="0" branch="false"/>
								<line number="120" hits="0" branch="true" condition-coverage="0% (0/2)">
									<conditions>
										<condition number="0" type="jump" coverage="0%"/>
									</conditions>
								</line>
								<line number="121" hits="0" branch="false"/>
								<line number="122" hits="0" branch="true" condition-coverage="0% (0/2)">
									<conditions>
										<condition number="0" type="jump" coverage="0%"/>
									</conditions>
								</line>
								<line number="123" hits="0" branch="false"/>
								<line number="124" hits="0" branch="true" condition-coverage="0% (0/2)">
									<conditions>
										<condition number="0" type="jump" coverage="0%"/>
									</conditions>
								</line>
								<line number="125" hits="0" branch="false"/>
								<line number="127" hits="0" branch="false"/>
								<line number="131" hits="0" branch="false"/>
								<line number="132" hits="0" branch="false"/>
								<line number="135" hits="2" branch="false"/>
								<line number="136" hits="2" branch="false"/>
							</lines>
						</method>
						<method name="handle" signature="(Ljava/sql/ResultSet;Ljava/sql/Statement;)Ljava/lang/Object;" line-rate="1.0" branch-rate="1.0" complexity="0">
							<lines>
								<line number="60" hits="1" branch="false"/>
							</lines>
						</method>
						<method name="handle" signature="(Ljava/sql/ResultSet;Ljava/sql/Statement;)Ljava/util/Collection;" line-rate="1.0" branch-rate="1.0" complexity="0">
							<lines>
							</lines>
						</method>
						<method name="handle_aroundBody0" signature="(Lcom/jcabi/jdbc/ColumnOutcome;Ljava/sql/ResultSet;Ljava/sql/Statement;Lorg/aspectj/lang/JoinPoint;)Ljava/util/Collection;" line-rate="1.0" branch-rate="1.0" complexity="0">
							<lines>
								<line number="93" hits="2" branch="false"/>
								<line number="94" hits="3" branch="true" condition-coverage="100% (2/2)">
									<conditions>
										<condition number="0" type="jump" coverage="100%"/>
									</conditions>
								</line>
								<line number="95" hits="2" branch="false"/>
								<line number="97" hits="1" branch="false"/>
							</lines>
						</method>
						<method name="hashCode" signature="()I" line-rate="0.0" branch-rate="0.0" complexity="0">
							<lines>
								<line number="62" hits="0" branch="true" condition-coverage="0% (0/12)">
									<conditions>
										<condition number="0" type="jump" coverage="0%"/>
										<condition number="1" type="jump" coverage="0%"/>
										<condition number="2" type="jump" coverage="0%"/>
										<condition number="3" type="jump" coverage="0%"/>
										<condition number="4" type="jump" coverage="0%"/>
										<condition number="5" type="jump" coverage="0%"/>
									</conditions>
								</line>
							</lines>
						</method>
						<method name="toString" signature="()Ljava/lang/String;" line-rate="1.0" branch-rate="1.0" complexity="0">
							<lines>
								<line number="61" hits="1" branch="false"/>
							</lines>
						</method>
					</methods>
					<lines>
						<line number="1" hits="2" branch="false"/>
						<line number="60" hits="1" branch="false"/>
						<line number="61" hits="1" branch="false"/>
						<line number="62" hits="0" branch="true" condition-coverage="0% (0/12)">
							<conditions>
								<condition number="0" type="jump" coverage="0%"/>
								<condition number="1" type="jump" coverage="0%"/>
								<condition number="2" type="jump" coverage="0%"/>
								<condition number="3" type="jump" coverage="0%"/>
								<condition number="4" type="jump" coverage="0%"/>
								<condition number="5" type="jump" coverage="0%"/>
							</conditions>
						</line>
						<line number="74" hits="1" branch="false"/>
						<line number="76" hits="1" branch="true" condition-coverage="7% (1/14)">
							<conditions>
								<condition number="0" type="jump" coverage="50%"/>
								<condition number="1" type="jump" coverage="0%"/>
								<condition number="2" type="jump" coverage="0%"/>
								<condition number="3" type="jump" coverage="0%"/>
								<condition number="4" type="jump" coverage="0%"/>
								<condition number="5" type="jump" coverage="0%"/>
								<condition number="6" type="jump" coverage="0%"/>
							</conditions>
						</line>
						<line number="81" hits="1" branch="false"/>
						<line number="83" hits="0" branch="false"/>
						<line number="87" hits="1" branch="false"/>
						<line number="93" hits="2" branch="false"/>
						<line number="94" hits="3" branch="true" condition-coverage="100% (2/2)">
							<conditions>
								<condition number="0" type="jump" coverage="100%"/>
							</conditions>
						</line>
						<line number="95" hits="2" branch="false"/>
						<line number="97" hits="1" branch="false"/>
						<line number="111" hits="2" branch="false"/>
						<line number="112" hits="2" branch="true" condition-coverage="50% (1/2)">
							<conditions>
								<condition number="0" type="jump" coverage="50%"/>
							</conditions>
						</line>
						<line number="113" hits="2" branch="false"/>
						<line number="114" hits="0" branch="true" condition-coverage="0% (0/2)">
							<conditions>
								<condition number="0" type="jump" coverage="0%"/>
							</conditions>
						</line>
						<line number="115" hits="0" branch="false"/>
						<line number="116" hits="0" branch="true" condition-coverage="0% (0/2)">
							<conditions>
								<condition number="0" type="jump" coverage="0%"/>
							</conditions>
						</line>
						<line number="117" hits="0" branch="false"/>
						<line number="118" hits="0" branch="true" condition-coverage="0% (0/2)">
							<conditions>
								<condition number="0" type="jump" coverage="0%"/>
							</conditions>
						</line>
						<line number="119" hits="0" branch="false"/>
						<line number="120" hits="0" branch="true" condition-coverage="0% (0/2)">
							<conditions>
								<condition number="0" type="jump" coverage="0%"/>
							</conditions>
						</line>
						<line number="121" hits="0" branch="false"/>
						<line number="122" hits="0" branch="true" condition-coverage="0% (0/2)">
							<conditions>
								<condition number="0" type="jump" coverage="0%"/>
							</conditions>
						</line>
						<line number="123" hits="0" branch="false"/>
						<line number="124" hits="0" branch="true" condition-coverage="0% (0/2)">
							<conditions>
								<condition number="0" type="jump" coverage="0%"/>
							</conditions>
						</line>
						<line number="125" hits="0" branch="false"/>
						<line number="127" hits="0" branch="false"/>
						<line number="131" hits="0" branch="false"/>
						<line number="132" hits="0" branch="false"/>
						<line number="135" hits="2" branch="false"/>
						<line number="136" hits="2" branch="false"/>
					</lines>
				</class>
				<class name="com.jcabi.jdbc.ColumnOutcome$AjcClosure1" filename="com/jcabi/jdbc/ColumnOutcome.java" line-rate="1.0" branch-rate="1.0" complexity="7.333333333333333">
					<methods>
						<method name="&lt;init&gt;" signature="([Ljava/lang/Object;)V" line-rate="1.0" branch-rate="1.0" complexity="0">
							<lines>
							</lines>
						</method>
						<method name="run" signature="([Ljava/lang/Object;)Ljava/lang/Object;" line-rate="1.0" branch-rate="1.0" complexity="0">
							<lines>
								<line number="1" hits="2" branch="false"/>
							</lines>
						</method>
					</methods>
					<lines>
						<line number="1" hits="2" branch="false"/>
					</lines>
				</class>
				<class name="com.jcabi.jdbc.Connect" filename="com/jcabi/jdbc/Connect.java" line-rate="1.0" branch-rate="1.0" complexity="1.0">
					<methods>
					</methods>
					<lines>
					</lines>
				</class>
				<class name="com.jcabi.jdbc.Connect$Plain" filename="com/jcabi/jdbc/Connect.java" line-rate="1.0" branch-rate="1.0" complexity="1.0">
					<methods>
						<method name="&lt;clinit&gt;" signature="()V" line-rate="1.0" branch-rate="1.0" complexity="0">
							<lines>
							</lines>
						</method>
						<method name="&lt;init&gt;" signature="(Ljava/lang/String;)V" line-rate="1.0" branch-rate="1.0" complexity="0">
							<lines>
								<line number="69" hits="37" branch="false"/>
								<line number="70" hits="37" branch="false"/>
								<line number="71" hits="37" branch="false"/>
							</lines>
						</method>
						<method name="ajc$preClinit" signature="()V" line-rate="1.0" branch-rate="1.0" complexity="0">
							<lines>
								<line number="1" hits="2" branch="false"/>
							</lines>
						</method>
						<method name="open" signature="(Ljava/sql/Connection;)Ljava/sql/PreparedStatement;" line-rate="1.0" branch-rate="1.0" complexity="0">
							<lines>
								<line number="75" hits="37" branch="false"/>
							</lines>
						</method>
					</methods>
					<lines>
						<line number="1" hits="2" branch="false"/>
						<line number="69" hits="37" branch="false"/>
						<line number="70" hits="37" branch="false"/>
						<line number="71" hits="37" branch="false"/>
						<line number="75" hits="37" branch="false"/>
					</lines>
				</class>
				<class name="com.jcabi.jdbc.Connect$WithKeys" filename="com/jcabi/jdbc/Connect.java" line-rate="1.0" branch-rate="1.0" complexity="1.0">
					<methods>
						<method name="&lt;clinit&gt;" signature="()V" line-rate="1.0" branch-rate="1.0" complexity="0">
							<lines>
							</lines>
						</method>
						<method name="&lt;init&gt;" signature="(Ljava/lang/String;)V" line-rate="1.0" branch-rate="1.0" complexity="0">
							<lines>
								<line number="92" hits="2" branch="false"/>
								<line number="93" hits="2" branch="false"/>
								<line number="94" hits="2" branch="false"/>
							</lines>
						</method>
						<method name="ajc$preClinit" signature="()V" line-rate="1.0" branch-rate="1.0" complexity="0">
							<lines>
								<line number="1" hits="2" branch="false"/>
							</lines>
						</method>
						<method name="open" signature="(Ljava/sql/Connection;)Ljava/sql/PreparedStatement;" line-rate="1.0" branch-rate="1.0" complexity="0">
							<lines>
								<line number="98" hits="2" branch="false"/>
							</lines>
						</method>
					</methods>
					<lines>
						<line number="1" hits="2" branch="false"/>
						<line number="92" hits="2" branch="false"/>
						<line number="93" hits="2" branch="false"/>
						<line number="94" hits="2" branch="false"/>
						<line number="98" hits="2" branch="false"/>
					</lines>
				</class>
				<class name="com.jcabi.jdbc.JdbcSession" filename="com/jcabi/jdbc/JdbcSession.java" line-rate="0.85" branch-rate="0.17857142857142858" complexity="1.8125">
					<methods>
						<method name="&lt;clinit&gt;" signature="()V" line-rate="1.0" branch-rate="1.0" complexity="0">
							<lines>
							</lines>
						</method>
						<method name="&lt;init&gt;" signature="(Ljava/sql/Connection;)V" line-rate="0.0" branch-rate="1.0" complexity="0">
							<lines>
								<line number="166" hits="0" branch="false"/>
								<line number="167" hits="0" branch="false"/>
							</lines>
						</method>
						<method name="&lt;init&gt;" signature="(Ljavax/sql/DataSource;)V" line-rate="1.0" branch-rate="1.0" complexity="0">
							<lines>
								<line number="151" hits="29" branch="false"/>
								<line number="152" hits="29" branch="false"/>
								<line number="153" hits="29" branch="false"/>
								<line number="154" hits="29" branch="false"/>
								<line number="155" hits="29" branch="false"/>
								<line number="156" hits="29" branch="false"/>
								<line number="157" hits="29" branch="false"/>
								<line number="158" hits="29" branch="false"/>
							</lines>
						</method>
						<method name="ajc$preClinit" signature="()V" line-rate="1.0" branch-rate="1.0" complexity="0">
							<lines>
								<line number="1" hits="2" branch="false"/>
							</lines>
						</method>
						<method name="autocommit" signature="(Z)Lcom/jcabi/jdbc/JdbcSession;" line-rate="1.0" branch-rate="1.0" complexity="0">
							<lines>
							</lines>
						</method>
						<method name="autocommit_aroundBody2" signature="(Lcom/jcabi/jdbc/JdbcSession;ZLorg/aspectj/lang/JoinPoint;)Lcom/jcabi/jdbc/JdbcSession;" line-rate="1.0" branch-rate="1.0" complexity="0">
							<lines>
								<line number="205" hits="10" branch="false"/>
								<line number="206" hits="5" branch="false"/>
								<line number="207" hits="5" branch="false"/>
								<line number="208" hits="5" branch="false"/>
							</lines>
						</method>
						<method name="clear" signature="()Lcom/jcabi/jdbc/JdbcSession;" line-rate="1.0" branch-rate="1.0" complexity="0">
							<lines>
							</lines>
						</method>
						<method name="clear_aroundBody8" signature="(Lcom/jcabi/jdbc/JdbcSession;Lorg/aspectj/lang/JoinPoint;)Lcom/jcabi/jdbc/JdbcSession;" line-rate="1.0" branch-rate="1.0" complexity="0">
							<lines>
								<line number="246" hits="78" branch="false"/>
								<line number="247" hits="39" branch="false"/>
								<line number="248" hits="39" branch="false"/>
								<line number="249" hits="39" branch="false"/>
								<line number="250" hits="39" branch="false"/>
								<line number="251" hits="39" branch="false"/>
							</lines>
						</method>
						<method name="commit" signature="()V" line-rate="1.0" branch-rate="1.0" complexity="0">
							<lines>
							</lines>
						</method>
						<method name="commit_aroundBody10" signature="(Lcom/jcabi/jdbc/JdbcSession;Lorg/aspectj/lang/JoinPoint;)V" line-rate="0.8333333333333334" branch-rate="0.5" complexity="0">
							<lines>
								<line number="260" hits="10" branch="false"/>
								<line number="261" hits="5" branch="true" condition-coverage="50% (1/2)">
									<conditions>
										<condition number="0" type="jump" coverage="50%"/>
									</conditions>
								</line>
								<line number="262" hits="0" branch="false"/>
								<line number="266" hits="5" branch="false"/>
								<line number="267" hits="5" branch="false"/>
								<line number="268" hits="5" branch="false"/>
							</lines>
						</method>
						<method name="configure" signature="(Ljava/sql/PreparedStatement;)V" line-rate="1.0" branch-rate="1.0" complexity="0">
							<lines>
								<line number="439" hits="39" branch="true" condition-coverage="100% (2/2)">
									<conditions>
										<condition number="0" type="jump" coverage="100%"/>
									</conditions>
								</line>
								<line number="440" hits="40" branch="false"/>
								<line number="441" hits="39" branch="false"/>
								<line number="442" hits="39" branch="false"/>
							</lines>
						</method>
						<method name="connect" signature="()Ljava/sql/Connection;" line-rate="0.8" branch-rate="1.0" complexity="0">
							<lines>
								<line number="411" hits="39" branch="false"/>
								<line number="412" hits="39" branch="true" condition-coverage="100% (2/2)">
									<conditions>
										<condition number="0" type="jump" coverage="100%"/>
									</conditions>
								</line>
								<line number="413" hits="31" branch="false"/>
								<line number="415" hits="39" branch="false"/>
								<line number="416" hits="0" branch="false"/>
							</lines>
						</method>
						<method name="disconnect" signature="()V" line-rate="0.8" branch-rate="0.5" complexity="0">
							<lines>
								<line number="424" hits="31" branch="false"/>
								<line number="425" hits="31" branch="true" condition-coverage="50% (1/2)">
									<conditions>
										<condition number="0" type="jump" coverage="50%"/>
									</conditions>
								</line>
								<line number="426" hits="0" branch="false"/>
								<line number="430" hits="31" branch="false"/>
								<line number="431" hits="31" branch="false"/>
							</lines>
						</method>
						<method name="equals" signature="(Ljava/lang/Object;)Z" line-rate="1.0" branch-rate="1.0" complexity="0">
							<lines>
							</lines>
						</method>
						<method name="execute" signature="()Lcom/jcabi/jdbc/JdbcSession;" line-rate="1.0" branch-rate="1.0" complexity="0">
							<lines>
							</lines>
						</method>
						<method name="execute_aroundBody16" signature="(Lcom/jcabi/jdbc/JdbcSession;Lorg/aspectj/lang/JoinPoint;)Lcom/jcabi/jdbc/JdbcSession;" line-rate="1.0" branch-rate="1.0" complexity="0">
							<lines>
								<line number="328" hits="63" branch="false"/>
								<line number="333" hits="32" branch="false"/>
							</lines>
						</method>
						<method name="hashCode" signature="()I" line-rate="0.0" branch-rate="0.0" complexity="0">
							<lines>
								<line number="111" hits="0" branch="true" condition-coverage="0% (0/40)">
									<conditions>
										<condition number="0" type="jump" coverage="0%"/>
										<condition number="1" type="jump" coverage="0%"/>
										<condition number="2" type="jump" coverage="0%"/>
										<condition number="3" type="jump" coverage="0%"/>
										<condition number="4" type="jump" coverage="0%"/>
										<condition number="5" type="jump" coverage="0%"/>
										<condition number="6" type="jump" coverage="0%"/>
										<condition number="7" type="jump" coverage="0%"/>
										<condition number="8" type="jump" coverage="0%"/>
										<condition number="9" type="jump" coverage="0%"/>
										<condition number="10" type="jump" coverage="0%"/>
										<condition number="11" type="jump" coverage="0%"/>
										<condition number="12" type="jump" coverage="0%"/>
										<condition number="13" type="jump" coverage="0%"/>
										<condition number="14" type="jump" coverage="0%"/>
										<condition number="15" type="jump" coverage="0%"/>
										<condition number="16" type="jump" coverage="0%"/>
										<condition number="17" type="jump" coverage="0%"/>
										<condition number="18" type="jump" coverage="0%"/>
										<condition number="19" type="jump" coverage="0%"/>
									</conditions>
								</line>
							</lines>
						</method>
						<method name="insert" signature="(Lcom/jcabi/jdbc/Outcome;)Ljava/lang/Object;" line-rate="1.0" branch-rate="1.0" complexity="0">
							<lines>
							</lines>
						</method>
						<method name="insert_aroundBody12" signature="(Lcom/jcabi/jdbc/JdbcSession;Lcom/jcabi/jdbc/Outcome;Lorg/aspectj/lang/JoinPoint;)Ljava/lang/Object;" line-rate="1.0" branch-rate="1.0" complexity="0">
							<lines>
								<line number="285" hits="2" branch="false"/>
							</lines>
						</method>
						<method name="prepare" signature="(Lcom/jcabi/jdbc/Preparation;)Lcom/jcabi/jdbc/JdbcSession;" line-rate="1.0" branch-rate="1.0" complexity="0">
							<lines>
							</lines>
						</method>
						<method name="prepare_aroundBody6" signature="(Lcom/jcabi/jdbc/JdbcSession;Lcom/jcabi/jdbc/Preparation;Lorg/aspectj/lang/JoinPoint;)Lcom/jcabi/jdbc/JdbcSession;" line-rate="1.0" branch-rate="1.0" complexity="0">
							<lines>
								<line number="234" hits="2" branch="false"/>
								<line number="235" hits="1" branch="false"/>
								<line number="236" hits="1" branch="false"/>
								<line number="237" hits="1" branch="false"/>
							</lines>
						</method>
						<method name="run" signature="(Lcom/jcabi/jdbc/Outcome;Lcom/jcabi/jdbc/Connect;Lcom/jcabi/jdbc/Request;)Ljava/lang/Object;" line-rate="0.7272727272727273" branch-rate="0.5" complexity="0">
							<lines>
								<line number="368" hits="39" branch="true" condition-coverage="50% (1/2)">
									<conditions>
										<condition number="0" type="jump" coverage="50%"/>
									</conditions>
								</line>
								<line number="369" hits="0" branch="false"/>
								<line number="371" hits="39" branch="false"/>
								<line number="374" hits="39" branch="false"/>
								<line number="375" hits="39" branch="false"/>
								<line number="377" hits="39" branch="false"/>
								<line number="378" hits="39" branch="false"/>
								<line number="381" hits="39" branch="false"/>
								<line number="383" hits="39" branch="true" condition-coverage="50% (1/2)">
									<conditions>
										<condition number="0" type="jump" coverage="50%"/>
									</conditions>
								</line>
								<line number="384" hits="39" branch="false"/>
								<line number="388" hits="39" branch="false"/>
								<line number="389" hits="39" branch="false"/>
								<line number="390" hits="0" branch="false"/>
								<line number="391" hits="0" branch="true" condition-coverage="0% (0/2)">
									<conditions>
										<condition number="0" type="jump" coverage="0%"/>
									</conditions>
								</line>
								<line number="392" hits="0" branch="false"/>
								<line number="393" hits="0" branch="false"/>
								<line number="395" hits="0" branch="false"/>
								<line number="397" hits="39" branch="true" condition-coverage="100% (2/2)">
									<conditions>
										<condition number="0" type="jump" coverage="100%"/>
									</conditions>
								</line>
								<line number="398" hits="26" branch="false"/>
								<line number="400" hits="39" branch="false"/>
								<line number="401" hits="39" branch="false"/>
								<line number="402" hits="39" branch="false"/>
							</lines>
						</method>
						<method name="select" signature="(Lcom/jcabi/jdbc/Outcome;)Ljava/lang/Object;" line-rate="1.0" branch-rate="1.0" complexity="0">
							<lines>
							</lines>
						</method>
						<method name="select_aroundBody18" signature="(Lcom/jcabi/jdbc/JdbcSession;Lcom/jcabi/jdbc/Outcome;Lorg/aspectj/lang/JoinPoint;)Ljava/lang/Object;" line-rate="1.0" branch-rate="1.0" complexity="0">
							<lines>
								<line number="348" hits="10" branch="false"/>
							</lines>
						</method>
						<method name="set" signature="(Ljava/lang/Object;)Lcom/jcabi/jdbc/JdbcSession;" line-rate="1.0" branch-rate="1.0" complexity="0">
							<lines>
							</lines>
						</method>
						<method name="set_aroundBody4" signature="(Lcom/jcabi/jdbc/JdbcSession;Ljava/lang/Object;Lorg/aspectj/lang/JoinPoint;)Lcom/jcabi/jdbc/JdbcSession;" line-rate="1.0" branch-rate="1.0" complexity="0">
							<lines>
								<line number="223" hits="18" branch="false"/>
								<line number="224" hits="9" branch="false"/>
							</lines>
						</method>
						<method name="sql" signature="(Ljava/lang/String;)Lcom/jcabi/jdbc/JdbcSession;" line-rate="1.0" branch-rate="1.0" complexity="0">
							<lines>
							</lines>
						</method>
						<method name="sql_aroundBody0" signature="(Lcom/jcabi/jdbc/JdbcSession;Ljava/lang/String;Lorg/aspectj/lang/JoinPoint;)Lcom/jcabi/jdbc/JdbcSession;" line-rate="1.0" branch-rate="1.0" complexity="0">
							<lines>
								<line number="186" hits="72" branch="false"/>
								<line number="187" hits="36" branch="false"/>
								<line number="188" hits="36" branch="false"/>
								<line number="189" hits="36" branch="false"/>
							</lines>
						</method>
						<method name="toString" signature="()Ljava/lang/String;" line-rate="1.0" branch-rate="1.0" complexity="0">
							<lines>
								<line number="110" hits="122" branch="false"/>
							</lines>
						</method>
						<method name="update" signature="(Lcom/jcabi/jdbc/Outcome;)Ljava/lang/Object;" line-rate="1.0" branch-rate="1.0" complexity="0">
							<lines>
							</lines>
						</method>
						<method name="update_aroundBody14" signature="(Lcom/jcabi/jdbc/JdbcSession;Lcom/jcabi/jdbc/Outcome;Lorg/aspectj/lang/JoinPoint;)Ljava/lang/Object;" line-rate="1.0" branch-rate="1.0" complexity="0">
							<lines>
								<line number="304" hits="2" branch="false"/>
							</lines>
						</method>
					</methods>
					<lines>
						<line number="1" hits="2" branch="false"/>
						<line number="110" hits="122" branch="false"/>
						<line number="111" hits="0" branch="true" condition-coverage="0% (0/40)">
							<conditions>
								<condition number="0" type="jump" coverage="0%"/>
								<condition number="1" type="jump" coverage="0%"/>
								<condition number="2" type="jump" coverage="0%"/>
								<condition number="3" type="jump" coverage="0%"/>
								<condition number="4" type="jump" coverage="0%"/>
								<condition number="5" type="jump" coverage="0%"/>
								<condition number="6" type="jump" coverage="0%"/>
								<condition number="7" type="jump" coverage="0%"/>
								<condition number="8" type="jump" coverage="0%"/>
								<condition number="9" type="jump" coverage="0%"/>
								<condition number="10" type="jump" coverage="0%"/>
								<condition number="11" type="jump" coverage="0%"/>
								<condition number="12" type="jump" coverage="0%"/>
								<condition number="13" type="jump" coverage="0%"/>
								<condition number="14" type="jump" coverage="0%"/>
								<condition number="15" type="jump" coverage="0%"/>
								<condition number="16" type="jump" coverage="0%"/>
								<condition number="17" type="jump" coverage="0%"/>
								<condition number="18" type="jump" coverage="0%"/>
								<condition number="19" type="jump" coverage="0%"/>
							</conditions>
						</line>
						<line number="151" hits="29" branch="false"/>
						<line number="152" hits="29" branch="false"/>
						<line number="153" hits="29" branch="false"/>
						<line number="154" hits="29" branch="false"/>
						<line number="155" hits="29" branch="false"/>
						<line number="156" hits="29" branch="false"/>
						<line number="157" hits="29" branch="false"/>
						<line number="158" hits="29" branch="false"/>
						<line number="166" hits="0" branch="false"/>
						<line number="167" hits="0" branch="false"/>
						<line number="186" hits="72" branch="false"/>
						<line number="187" hits="36" branch="false"/>
						<line number="188" hits="36" branch="false"/>
						<line number="189" hits="36" branch="false"/>
						<line number="205" hits="10" branch="false"/>
						<line number="206" hits="5" branch="false"/>
						<line number="207" hits="5" branch="false"/>
						<line number="208" hits="5" branch="false"/>
						<line number="223" hits="18" branch="false"/>
						<line number="224" hits="9" branch="false"/>
						<line number="234" hits="2" branch="false"/>
						<line number="235" hits="1" branch="false"/>
						<line number="236" hits="1" branch="false"/>
						<line number="237" hits="1" branch="false"/>
						<line number="246" hits="78" branch="false"/>
						<line number="247" hits="39" branch="false"/>
						<line number="248" hits="39" branch="false"/>
						<line number="249" hits="39" branch="false"/>
						<line number="250" hits="39" branch="false"/>
						<line number="251" hits="39" branch="false"/>
						<line number="260" hits="10" branch="false"/>
						<line number="261" hits="5" branch="true" condition-coverage="50% (1/2)">
							<conditions>
								<condition number="0" type="jump" coverage="50%"/>
							</conditions>
						</line>
						<line number="262" hits="0" branch="false"/>
						<line number="266" hits="5" branch="false"/>
						<line number="267" hits="5" branch="false"/>
						<line number="268" hits="5" branch="false"/>
						<line number="285" hits="2" branch="false"/>
						<line number="304" hits="2" branch="false"/>
						<line number="328" hits="63" branch="false"/>
						<line number="333" hits="32" branch="false"/>
						<line number="348" hits="10" branch="false"/>
						<line number="368" hits="39" branch="true" condition-coverage="50% (1/2)">
							<conditions>
								<condition number="0" type="jump" coverage="50%"/>
							</conditions>
						</line>
						<line number="369" hits="0" branch="false"/>
						<line number="371" hits="39" branch="false"/>
						<line number="374" hits="39" branch="false"/>
						<line number="375" hits="39" branch="false"/>
						<line number="377" hits="39" branch="false"/>
						<line number="378" hits="39" branch="false"/>
						<line number="381" hits="39" branch="false"/>
						<line number="383" hits="39" branch="true" condition-coverage="50% (1/2)">
							<conditions>
								<condition number="0" type="jump" coverage="50%"/>
							</conditions>
						</line>
						<line number="384" hits="39" branch="false"/>
						<line number="388" hits="39" branch="false"/>
						<line number="389" hits="39" branch="false"/>
						<line number="390" hits="0" branch="false"/>
						<line number="391" hits="0" branch="true" condition-coverage="0% (0/2)">
							<conditions>
								<condition number="0" type="jump" coverage="0%"/>
							</conditions>
						</line>
						<line number="392" hits="0" branch="false"/>
						<line number="393" hits="0" branch="false"/>
						<line number="395" hits="0" branch="false"/>
						<line number="397" hits="39" branch="true" condition-coverage="100% (2/2)">
							<conditions>
								<condition number="0" type="jump" coverage="100%"/>
							</conditions>
						</line>
						<line number="398" hits="26" branch="false"/>
						<line number="400" hits="39" branch="false"/>
						<line number="401" hits="39" branch="false"/>
						<line number="402" hits="39" branch="false"/>
						<line number="411" hits="39" branch="false"/>
						<line number="412" hits="39" branch="true" condition-coverage="100% (2/2)">
							<conditions>
								<condition number="0" type="jump" coverage="100%"/>
							</conditions>
						</line>
						<line number="413" hits="31" branch="false"/>
						<line number="415" hits="39" branch="false"/>
						<line number="416" hits="0" branch="false"/>
						<line number="424" hits="31" branch="false"/>
						<line number="425" hits="31" branch="true" condition-coverage="50% (1/2)">
							<conditions>
								<condition number="0" type="jump" coverage="50%"/>
							</conditions>
						</line>
						<line number="426" hits="0" branch="false"/>
						<line number="430" hits="31" branch="false"/>
						<line number="431" hits="31" branch="false"/>
						<line number="439" hits="39" branch="true" condition-coverage="100% (2/2)">
							<conditions>
								<condition number="0" type="jump" coverage="100%"/>
							</conditions>
						</line>
						<line number="440" hits="40" branch="false"/>
						<line number="441" hits="39" branch="false"/>
						<line number="442" hits="39" branch="false"/>
					</lines>
				</class>
				<class name="com.jcabi.jdbc.JdbcSession$AjcClosure1" filename="com/jcabi/jdbc/JdbcSession.java" line-rate="1.0" branch-rate="1.0" complexity="1.8125">
					<methods>
						<method name="&lt;init&gt;" signature="([Ljava/lang/Object;)V" line-rate="1.0" branch-rate="1.0" complexity="0">
							<lines>
							</lines>
						</method>
						<method name="run" signature="([Ljava/lang/Object;)Ljava/lang/Object;" line-rate="1.0" branch-rate="1.0" complexity="0">
							<lines>
								<line number="1" hits="72" branch="false"/>
							</lines>
						</method>
					</methods>
					<lines>
						<line number="1" hits="72" branch="false"/>
					</lines>
				</class>
				<class name="com.jcabi.jdbc.JdbcSession$AjcClosure11" filename="com/jcabi/jdbc/JdbcSession.java" line-rate="1.0" branch-rate="1.0" complexity="1.8125">
					<methods>
						<method name="&lt;init&gt;" signature="([Ljava/lang/Object;)V" line-rate="1.0" branch-rate="1.0" complexity="0">
							<lines>
							</lines>
						</method>
						<method name="run" signature="([Ljava/lang/Object;)Ljava/lang/Object;" line-rate="1.0" branch-rate="1.0" complexity="0">
							<lines>
								<line number="1" hits="10" branch="false"/>
							</lines>
						</method>
					</methods>
					<lines>
						<line number="1" hits="10" branch="false"/>
					</lines>
				</class>
				<class name="com.jcabi.jdbc.JdbcSession$AjcClosure13" filename="com/jcabi/jdbc/JdbcSession.java" line-rate="1.0" branch-rate="1.0" complexity="1.8125">
					<methods>
						<method name="&lt;init&gt;" signature="([Ljava/lang/Object;)V" line-rate="1.0" branch-rate="1.0" complexity="0">
							<lines>
							</lines>
						</method>
						<method name="run" signature="([Ljava/lang/Object;)Ljava/lang/Object;" line-rate="1.0" branch-rate="1.0" complexity="0">
							<lines>
								<line number="1" hits="2" branch="false"/>
							</lines>
						</method>
					</methods>
					<lines>
						<line number="1" hits="2" branch="false"/>
					</lines>
				</class>
				<class name="com.jcabi.jdbc.JdbcSession$AjcClosure15" filename="com/jcabi/jdbc/JdbcSession.java" line-rate="1.0" branch-rate="1.0" complexity="1.8125">
					<methods>
						<method name="&lt;init&gt;" signature="([Ljava/lang/Object;)V" line-rate="1.0" branch-rate="1.0" complexity="0">
							<lines>
							</lines>
						</method>
						<method name="run" signature="([Ljava/lang/Object;)Ljava/lang/Object;" line-rate="1.0" branch-rate="1.0" complexity="0">
							<lines>
								<line number="1" hits="2" branch="false"/>
							</lines>
						</method>
					</methods>
					<lines>
						<line number="1" hits="2" branch="false"/>
					</lines>
				</class>
				<class name="com.jcabi.jdbc.JdbcSession$AjcClosure17" filename="com/jcabi/jdbc/JdbcSession.java" line-rate="1.0" branch-rate="1.0" complexity="1.8125">
					<methods>
						<method name="&lt;init&gt;" signature="([Ljava/lang/Object;)V" line-rate="1.0" branch-rate="1.0" complexity="0">
							<lines>
							</lines>
						</method>
						<method name="run" signature="([Ljava/lang/Object;)Ljava/lang/Object;" line-rate="1.0" branch-rate="1.0" complexity="0">
							<lines>
								<line number="1" hits="63" branch="false"/>
							</lines>
						</method>
					</methods>
					<lines>
						<line number="1" hits="63" branch="false"/>
					</lines>
				</class>
				<class name="com.jcabi.jdbc.JdbcSession$AjcClosure19" filename="com/jcabi/jdbc/JdbcSession.java" line-rate="1.0" branch-rate="1.0" complexity="1.8125">
					<methods>
						<method name="&lt;init&gt;" signature="([Ljava/lang/Object;)V" line-rate="1.0" branch-rate="1.0" complexity="0">
							<lines>
							</lines>
						</method>
						<method name="run" signature="([Ljava/lang/Object;)Ljava/lang/Object;" line-rate="1.0" branch-rate="1.0" complexity="0">
							<lines>
								<line number="1" hits="10" branch="false"/>
							</lines>
						</method>
					</methods>
					<lines>
						<line number="1" hits="10" branch="false"/>
					</lines>
				</class>
				<class name="com.jcabi.jdbc.JdbcSession$AjcClosure3" filename="com/jcabi/jdbc/JdbcSession.java" line-rate="1.0" branch-rate="1.0" complexity="1.8125">
					<methods>
						<method name="&lt;init&gt;" signature="([Ljava/lang/Object;)V" line-rate="1.0" branch-rate="1.0" complexity="0">
							<lines>
							</lines>
						</method>
						<method name="run" signature="([Ljava/lang/Object;)Ljava/lang/Object;" line-rate="1.0" branch-rate="1.0" complexity="0">
							<lines>
								<line number="1" hits="10" branch="false"/>
							</lines>
						</method>
					</methods>
					<lines>
						<line number="1" hits="10" branch="false"/>
					</lines>
				</class>
				<class name="com.jcabi.jdbc.JdbcSession$AjcClosure5" filename="com/jcabi/jdbc/JdbcSession.java" line-rate="1.0" branch-rate="1.0" complexity="1.8125">
					<methods>
						<method name="&lt;init&gt;" signature="([Ljava/lang/Object;)V" line-rate="1.0" branch-rate="1.0" complexity="0">
							<lines>
							</lines>
						</method>
						<method name="run" signature="([Ljava/lang/Object;)Ljava/lang/Object;" line-rate="1.0" branch-rate="1.0" complexity="0">
							<lines>
								<line number="1" hits="18" branch="false"/>
							</lines>
						</method>
					</methods>
					<lines>
						<line number="1" hits="18" branch="false"/>
					</lines>
				</class>
				<class name="com.jcabi.jdbc.JdbcSession$AjcClosure7" filename="com/jcabi/jdbc/JdbcSession.java" line-rate="1.0" branch-rate="1.0" complexity="1.8125">
					<methods>
						<method name="&lt;init&gt;" signature="([Ljava/lang/Object;)V" line-rate="1.0" branch-rate="1.0" complexity="0">
							<lines>
							</lines>
						</method>
						<method name="run" signature="([Ljava/lang/Object;)Ljava/lang/Object;" line-rate="1.0" branch-rate="1.0" complexity="0">
							<lines>
								<line number="1" hits="2" branch="false"/>
							</lines>
						</method>
					</methods>
					<lines>
						<line number="1" hits="2" branch="false"/>
					</lines>
				</class>
				<class name="com.jcabi.jdbc.JdbcSession$AjcClosure9" filename="com/jcabi/jdbc/JdbcSession.java" line-rate="1.0" branch-rate="1.0" complexity="1.8125">
					<methods>
						<method name="&lt;init&gt;" signature="([Ljava/lang/Object;)V" line-rate="1.0" branch-rate="1.0" complexity="0">
							<lines>
							</lines>
						</method>
						<method name="run" signature="([Ljava/lang/Object;)Ljava/lang/Object;" line-rate="1.0" branch-rate="1.0" complexity="0">
							<lines>
								<line number="1" hits="78" branch="false"/>
							</lines>
						</method>
					</methods>
					<lines>
						<line number="1" hits="78" branch="false"/>
					</lines>
				</class>
				<class name="com.jcabi.jdbc.ListOutcome" filename="com/jcabi/jdbc/ListOutcome.java" line-rate="0.9090909090909091" branch-rate="0.14285714285714285" complexity="1.3333333333333333">
					<methods>
						<method name="&lt;clinit&gt;" signature="()V" line-rate="1.0" branch-rate="1.0" complexity="0">
							<lines>
							</lines>
						</method>
						<method name="&lt;init&gt;" signature="(Lcom/jcabi/jdbc/ListOutcome$Mapping;)V" line-rate="1.0" branch-rate="1.0" complexity="0">
							<lines>
								<line number="79" hits="1" branch="false"/>
								<line number="80" hits="1" branch="false"/>
								<line number="81" hits="1" branch="false"/>
							</lines>
						</method>
						<method name="ajc$preClinit" signature="()V" line-rate="1.0" branch-rate="1.0" complexity="0">
							<lines>
								<line number="1" hits="2" branch="false"/>
							</lines>
						</method>
						<method name="equals" signature="(Ljava/lang/Object;)Z" line-rate="1.0" branch-rate="1.0" complexity="0">
							<lines>
							</lines>
						</method>
						<method name="handle" signature="(Ljava/sql/ResultSet;Ljava/sql/Statement;)Ljava/lang/Object;" line-rate="1.0" branch-rate="1.0" complexity="0">
							<lines>
								<line number="65" hits="1" branch="false"/>
							</lines>
						</method>
						<method name="handle" signature="(Ljava/sql/ResultSet;Ljava/sql/Statement;)Ljava/util/List;" line-rate="1.0" branch-rate="1.0" complexity="0">
							<lines>
							</lines>
						</method>
						<method name="handle_aroundBody0" signature="(Lcom/jcabi/jdbc/ListOutcome;Ljava/sql/ResultSet;Ljava/sql/Statement;Lorg/aspectj/lang/JoinPoint;)Ljava/util/List;" line-rate="1.0" branch-rate="1.0" complexity="0">
							<lines>
								<line number="87" hits="2" branch="false"/>
								<line number="88" hits="3" branch="true" condition-coverage="100% (2/2)">
									<conditions>
										<condition number="0" type="jump" coverage="100%"/>
									</conditions>
								</line>
								<line number="89" hits="2" branch="false"/>
								<line number="91" hits="1" branch="false"/>
							</lines>
						</method>
						<method name="hashCode" signature="()I" line-rate="0.0" branch-rate="0.0" complexity="0">
							<lines>
								<line number="67" hits="0" branch="true" condition-coverage="0% (0/12)">
									<conditions>
										<condition number="0" type="jump" coverage="0%"/>
										<condition number="1" type="jump" coverage="0%"/>
										<condition number="2" type="jump" coverage="0%"/>
										<condition number="3" type="jump" coverage="0%"/>
										<condition number="4" type="jump" coverage="0%"/>
										<condition number="5" type="jump" coverage="0%"/>
									</conditions>
								</line>
							</lines>
						</method>
						<method name="toString" signature="()Ljava/lang/String;" line-rate="1.0" branch-rate="1.0" complexity="0">
							<lines>
								<line number="66" hits="1" branch="false"/>
							</lines>
						</method>
					</methods>
					<lines>
						<line number="1" hits="2" branch="false"/>
						<line number="65" hits="1" branch="false"/>
						<line number="66" hits="1" branch="false"/>
						<line number="67" hits="0" branch="true" condition-coverage="0% (0/12)">
							<conditions>
								<condition number="0" type="jump" coverage="0%"/>
								<condition number="1" type="jump" coverage="0%"/>
								<condition number="2" type="jump" coverage="0%"/>
								<condition number="3" type="jump" coverage="0%"/>
								<condition number="4" type="jump" coverage="0%"/>
								<condition number="5" type="jump" coverage="0%"/>
							</conditions>
						</line>
						<line number="79" hits="1" branch="false"/>
						<line number="80" hits="1" branch="false"/>
						<line number="81" hits="1" branch="false"/>
						<line number="87" hits="2" branch="false"/>
						<line number="88" hits="3" branch="true" condition-coverage="100% (2/2)">
							<conditions>
								<condition number="0" type="jump" coverage="100%"/>
							</conditions>
						</line>
						<line number="89" hits="2" branch="false"/>
						<line number="91" hits="1" branch="false"/>
					</lines>
				</class>
				<class name="com.jcabi.jdbc.ListOutcome$AjcClosure1" filename="com/jcabi/jdbc/ListOutcome.java" line-rate="1.0" branch-rate="1.0" complexity="1.3333333333333333">
					<methods>
						<method name="&lt;init&gt;" signature="([Ljava/lang/Object;)V" line-rate="1.0" branch-rate="1.0" complexity="0">
							<lines>
							</lines>
						</method>
						<method name="run" signature="([Ljava/lang/Object;)Ljava/lang/Object;" line-rate="1.0" branch-rate="1.0" complexity="0">
							<lines>
								<line number="1" hits="2" branch="false"/>
							</lines>
						</method>
					</methods>
					<lines>
						<line number="1" hits="2" branch="false"/>
					</lines>
				</class>
				<class name="com.jcabi.jdbc.ListOutcome$Mapping" filename="com/jcabi/jdbc/ListOutcome.java" line-rate="1.0" branch-rate="1.0" complexity="1.3333333333333333">
					<methods>
					</methods>
					<lines>
					</lines>
				</class>
				<class name="com.jcabi.jdbc.Outcome" filename="com/jcabi/jdbc/Outcome.java" line-rate="1.0" branch-rate="1.0" complexity="1.4">
					<methods>
					</methods>
					<lines>
					</lines>
				</class>
				<class name="com.jcabi.jdbc.Outcome$1" filename="com/jcabi/jdbc/Outcome.java" line-rate="0.6666666666666666" branch-rate="1.0" complexity="1.4">
					<methods>
						<method name="&lt;clinit&gt;" signature="()V" line-rate="1.0" branch-rate="1.0" complexity="0">
							<lines>
							</lines>
						</method>
						<method name="&lt;init&gt;" signature="()V" line-rate="1.0" branch-rate="1.0" complexity="0">
							<lines>
							</lines>
						</method>
						<method name="ajc$preClinit" signature="()V" line-rate="1.0" branch-rate="1.0" complexity="0">
							<lines>
								<line number="1" hits="2" branch="false"/>
							</lines>
						</method>
						<method name="handle" signature="(Ljava/sql/ResultSet;Ljava/sql/Statement;)Ljava/lang/Boolean;" line-rate="1.0" branch-rate="1.0" complexity="0">
							<lines>
							</lines>
						</method>
						<method name="handle" signature="(Ljava/sql/ResultSet;Ljava/sql/Statement;)Ljava/lang/Object;" line-rate="1.0" branch-rate="1.0" complexity="0">
							<lines>
								<line number="65" hits="1" branch="false"/>
							</lines>
						</method>
						<method name="handle_aroundBody0" signature="(Lcom/jcabi/jdbc/Outcome$1;Ljava/sql/ResultSet;Ljava/sql/Statement;Lorg/aspectj/lang/JoinPoint;)Ljava/lang/Boolean;" line-rate="0.0" branch-rate="1.0" complexity="0">
							<lines>
								<line number="70" hits="0" branch="false"/>
							</lines>
						</method>
					</methods>
					<lines>
						<line number="1" hits="2" branch="false"/>
						<line number="65" hits="1" branch="false"/>
						<line number="70" hits="0" branch="false"/>
					</lines>
				</class>
				<class name="com.jcabi.jdbc.Outcome$1$AjcClosure1" filename="com/jcabi/jdbc/Outcome.java" line-rate="0.0" branch-rate="1.0" complexity="1.4">
					<methods>
						<method name="&lt;init&gt;" signature="([Ljava/lang/Object;)V" line-rate="1.0" branch-rate="1.0" complexity="0">
							<lines>
							</lines>
						</method>
						<method name="run" signature="([Ljava/lang/Object;)Ljava/lang/Object;" line-rate="0.0" branch-rate="1.0" complexity="0">
							<lines>
								<line number="1" hits="0" branch="false"/>
							</lines>
						</method>
					</methods>
					<lines>
						<line number="1" hits="0" branch="false"/>
					</lines>
				</class>
				<class name="com.jcabi.jdbc.Outcome$2" filename="com/jcabi/jdbc/Outcome.java" line-rate="1.0" branch-rate="1.0" complexity="1.4">
					<methods>
						<method name="&lt;clinit&gt;" signature="()V" line-rate="1.0" branch-rate="1.0" complexity="0">
							<lines>
							</lines>
						</method>
						<method name="&lt;init&gt;" signature="()V" line-rate="1.0" branch-rate="1.0" complexity="0">
							<lines>
							</lines>
						</method>
						<method name="ajc$preClinit" signature="()V" line-rate="1.0" branch-rate="1.0" complexity="0">
							<lines>
								<line number="1" hits="2" branch="false"/>
							</lines>
						</method>
						<method name="handle" signature="(Ljava/sql/ResultSet;Ljava/sql/Statement;)Ljava/lang/Object;" line-rate="1.0" branch-rate="1.0" complexity="0">
							<lines>
								<line number="86" hits="34" branch="false"/>
							</lines>
						</method>
						<method name="handle" signature="(Ljava/sql/ResultSet;Ljava/sql/Statement;)Ljava/lang/Void;" line-rate="1.0" branch-rate="1.0" complexity="0">
							<lines>
							</lines>
						</method>
						<method name="handle_aroundBody0" signature="(Lcom/jcabi/jdbc/Outcome$2;Ljava/sql/ResultSet;Ljava/sql/Statement;Lorg/aspectj/lang/JoinPoint;)Ljava/lang/Void;" line-rate="1.0" branch-rate="1.0" complexity="0">
							<lines>
								<line number="90" hits="65" branch="false"/>
							</lines>
						</method>
					</methods>
					<lines>
						<line number="1" hits="2" branch="false"/>
						<line number="86" hits="34" branch="false"/>
						<line number="90" hits="65" branch="false"/>
					</lines>
				</class>
				<class name="com.jcabi.jdbc.Outcome$2$AjcClosure1" filename="com/jcabi/jdbc/Outcome.java" line-rate="1.0" branch-rate="1.0" complexity="1.4">
					<methods>
						<method name="&lt;init&gt;" signature="([Ljava/lang/Object;)V" line-rate="1.0" branch-rate="1.0" complexity="0">
							<lines>
							</lines>
						</method>
						<method name="run" signature="([Ljava/lang/Object;)Ljava/lang/Object;" line-rate="1.0" branch-rate="1.0" complexity="0">
							<lines>
								<line number="1" hits="65" branch="false"/>
							</lines>
						</method>
					</methods>
					<lines>
						<line number="1" hits="65" branch="false"/>
					</lines>
				</class>
				<class name="com.jcabi.jdbc.Outcome$3" filename="com/jcabi/jdbc/Outcome.java" line-rate="0.6666666666666666" branch-rate="1.0" complexity="1.4">
					<methods>
						<method name="&lt;clinit&gt;" signature="()V" line-rate="1.0" branch-rate="1.0" complexity="0">
							<lines>
							</lines>
						</method>
						<method name="&lt;init&gt;" signature="()V" line-rate="1.0" branch-rate="1.0" complexity="0">
							<lines>
							</lines>
						</method>
						<method name="ajc$preClinit" signature="()V" line-rate="1.0" branch-rate="1.0" complexity="0">
							<lines>
								<line number="1" hits="2" branch="false"/>
							</lines>
						</method>
						<method name="handle" signature="(Ljava/sql/ResultSet;Ljava/sql/Statement;)Ljava/lang/Integer;" line-rate="1.0" branch-rate="1.0" complexity="0">
							<lines>
							</lines>
						</method>
						<method name="handle" signature="(Ljava/sql/ResultSet;Ljava/sql/Statement;)Ljava/lang/Object;" line-rate="1.0" branch-rate="1.0" complexity="0">
							<lines>
								<line number="106" hits="1" branch="false"/>
							</lines>
						</method>
						<method name="handle_aroundBody0" signature="(Lcom/jcabi/jdbc/Outcome$3;Ljava/sql/ResultSet;Ljava/sql/Statement;Lorg/aspectj/lang/JoinPoint;)Ljava/lang/Integer;" line-rate="0.0" branch-rate="1.0" complexity="0">
							<lines>
								<line number="111" hits="0" branch="false"/>
							</lines>
						</method>
					</methods>
					<lines>
						<line number="1" hits="2" branch="false"/>
						<line number="106" hits="1" branch="false"/>
						<line number="111" hits="0" branch="false"/>
					</lines>
				</class>
				<class name="com.jcabi.jdbc.Outcome$3$AjcClosure1" filename="com/jcabi/jdbc/Outcome.java" line-rate="0.0" branch-rate="1.0" complexity="1.4">
					<methods>
						<method name="&lt;init&gt;" signature="([Ljava/lang/Object;)V" line-rate="1.0" branch-rate="1.0" complexity="0">
							<lines>
							</lines>
						</method>
						<method name="run" signature="([Ljava/lang/Object;)Ljava/lang/Object;" line-rate="0.0" branch-rate="1.0" complexity="0">
							<lines>
								<line number="1" hits="0" branch="false"/>
							</lines>
						</method>
					</methods>
					<lines>
						<line number="1" hits="0" branch="false"/>
					</lines>
				</class>
				<class name="com.jcabi.jdbc.Outcome$4" filename="com/jcabi/jdbc/Outcome.java" line-rate="0.8" branch-rate="0.5" complexity="1.4">
					<methods>
						<method name="&lt;clinit&gt;" signature="()V" line-rate="1.0" branch-rate="1.0" complexity="0">
							<lines>
							</lines>
						</method>
						<method name="&lt;init&gt;" signature="()V" line-rate="1.0" branch-rate="1.0" complexity="0">
							<lines>
							</lines>
						</method>
						<method name="ajc$preClinit" signature="()V" line-rate="1.0" branch-rate="1.0" complexity="0">
							<lines>
								<line number="1" hits="2" branch="false"/>
							</lines>
						</method>
						<method name="handle" signature="(Ljava/sql/ResultSet;Ljava/sql/Statement;)Ljava/lang/Long;" line-rate="1.0" branch-rate="1.0" complexity="0">
							<lines>
							</lines>
						</method>
						<method name="handle" signature="(Ljava/sql/ResultSet;Ljava/sql/Statement;)Ljava/lang/Object;" line-rate="1.0" branch-rate="1.0" complexity="0">
							<lines>
								<line number="127" hits="2" branch="false"/>
							</lines>
						</method>
						<method name="handle_aroundBody0" signature="(Lcom/jcabi/jdbc/Outcome$4;Ljava/sql/ResultSet;Ljava/sql/Statement;Lorg/aspectj/lang/JoinPoint;)Ljava/lang/Long;" line-rate="0.6666666666666666" branch-rate="0.5" complexity="0">
							<lines>
								<line number="132" hits="2" branch="true" condition-coverage="50% (1/2)">
									<conditions>
										<condition number="0" type="jump" coverage="50%"/>
									</conditions>
								</line>
								<line number="133" hits="0" branch="false"/>
								<line number="135" hits="1" branch="false"/>
							</lines>
						</method>
					</methods>
					<lines>
						<line number="1" hits="2" branch="false"/>
						<line number="127" hits="2" branch="false"/>
						<line number="132" hits="2" branch="true" condition-coverage="50% (1/2)">
							<conditions>
								<condition number="0" type="jump" coverage="50%"/>
							</conditions>
						</line>
						<line number="133" hits="0" branch="false"/>
						<line number="135" hits="1" branch="false"/>
					</lines>
				</class>
				<class name="com.jcabi.jdbc.Outcome$4$AjcClosure1" filename="com/jcabi/jdbc/Outcome.java" line-rate="1.0" branch-rate="1.0" complexity="1.4">
					<methods>
						<method name="&lt;init&gt;" signature="([Ljava/lang/Object;)V" line-rate="1.0" branch-rate="1.0" complexity="0">
							<lines>
							</lines>
						</method>
						<method name="run" signature="([Ljava/lang/Object;)Ljava/lang/Object;" line-rate="1.0" branch-rate="1.0" complexity="0">
							<lines>
								<line number="1" hits="2" branch="false"/>
							</lines>
						</method>
					</methods>
					<lines>
						<line number="1" hits="2" branch="false"/>
					</lines>
				</class>
				<class name="com.jcabi.jdbc.Preparation" filename="com/jcabi/jdbc/Preparation.java" line-rate="1.0" branch-rate="1.0" complexity="1.0">
					<methods>
					</methods>
					<lines>
					</lines>
				</class>
				<class name="com.jcabi.jdbc.PrepareArgs" filename="com/jcabi/jdbc/PrepareArgs.java" line-rate="0.7391304347826086" branch-rate="0.625" complexity="5.0">
					<methods>
						<method name="&lt;init&gt;" signature="(Ljava/util/Collection;)V" line-rate="1.0" branch-rate="1.0" complexity="0">
							<lines>
								<line number="56" hits="68" branch="false"/>
								<line number="57" hits="68" branch="false"/>
								<line number="58" hits="68" branch="false"/>
							</lines>
						</method>
						<method name="prepare" signature="(Ljava/sql/PreparedStatement;)V" line-rate="0.7" branch-rate="0.625" complexity="0">
							<lines>
								<line number="62" hits="39" branch="false"/>
								<line number="63" hits="38" branch="true" condition-coverage="100% (2/2)">
									<conditions>
										<condition number="0" type="jump" coverage="100%"/>
									</conditions>
								</line>
								<line number="64" hits="9" branch="true" condition-coverage="50% (1/2)">
									<conditions>
										<condition number="0" type="jump" coverage="50%"/>
									</conditions>
								</line>
								<line number="65" hits="0" branch="false"/>
								<line number="66" hits="9" branch="true" condition-coverage="50% (1/2)">
									<conditions>
										<condition number="0" type="jump" coverage="50%"/>
									</conditions>
								</line>
								<line number="67" hits="0" branch="false"/>
								<line number="68" hits="9" branch="true" condition-coverage="50% (1/2)">
									<conditions>
										<condition number="0" type="jump" coverage="50%"/>
									</conditions>
								</line>
								<line number="69" hits="0" branch="false"/>
								<line number="70" hits="9" branch="true" condition-coverage="50% (1/2)">
									<conditions>
										<condition number="0" type="jump" coverage="50%"/>
									</conditions>
								</line>
								<line number="71" hits="0" branch="false"/>
								<line number="72" hits="9" branch="true" condition-coverage="50% (1/2)">
									<conditions>
										<condition number="0" type="jump" coverage="50%"/>
									</conditions>
								</line>
								<line number="73" hits="0" branch="false"/>
								<line number="74" hits="9" branch="true" condition-coverage="100% (2/2)">
									<conditions>
										<condition number="0" type="jump" coverage="100%"/>
									</conditions>
								</line>
								<line number="75" hits="1" branch="false"/>
								<line number="76" hits="8" branch="true" condition-coverage="50% (1/2)">
									<conditions>
										<condition number="0" type="jump" coverage="50%"/>
									</conditions>
								</line>
								<line number="77" hits="0" branch="false"/>
								<line number="79" hits="8" branch="false"/>
								<line number="81" hits="9" branch="false"/>
								<line number="82" hits="9" branch="false"/>
								<line number="83" hits="39" branch="false"/>
							</lines>
						</method>
					</methods>
					<lines>
						<line number="56" hits="68" branch="false"/>
						<line number="57" hits="68" branch="false"/>
						<line number="58" hits="68" branch="false"/>
						<line number="62" hits="39" branch="false"/>
						<line number="63" hits="38" branch="true" condition-coverage="100% (2/2)">
							<conditions>
								<condition number="0" type="jump" coverage="100%"/>
							</conditions>
						</line>
						<line number="64" hits="9" branch="true" condition-coverage="50% (1/2)">
							<conditions>
								<condition number="0" type="jump" coverage="50%"/>
							</conditions>
						</line>
						<line number="65" hits="0" branch="false"/>
						<line number="66" hits="9" branch="true" condition-coverage="50% (1/2)">
							<conditions>
								<condition number="0" type="jump" coverage="50%"/>
							</conditions>
						</line>
						<line number="67" hits="0" branch="false"/>
						<line number="68" hits="9" branch="true" condition-coverage="50% (1/2)">
							<conditions>
								<condition number="0" type="jump" coverage="50%"/>
							</conditions>
						</line>
						<line number="69" hits="0" branch="false"/>
						<line number="70" hits="9" branch="true" condition-coverage="50% (1/2)">
							<conditions>
								<condition number="0" type="jump" coverage="50%"/>
							</conditions>
						</line>
						<line number="71" hits="0" branch="false"/>
						<line number="72" hits="9" branch="true" condition-coverage="50% (1/2)">
							<conditions>
								<condition number="0" type="jump" coverage="50%"/>
							</conditions>
						</line>
						<line number="73" hits="0" branch="false"/>
						<line number="74" hits="9" branch="true" condition-coverage="100% (2/2)">
							<conditions>
								<condition number="0" type="jump" coverage="100%"/>
							</conditions>
						</line>
						<line number="75" hits="1" branch="false"/>
						<line number="76" hits="8" branch="true" condition-coverage="50% (1/2)">
							<conditions>
								<condition number="0" type="jump" coverage="50%"/>
							</conditions>
						</line>
						<line number="77" hits="0" branch="false"/>
						<line number="79" hits="8" branch="false"/>
						<line number="81" hits="9" branch="false"/>
						<line number="82" hits="9" branch="false"/>
						<line number="83" hits="39" branch="false"/>
					</lines>
				</class>
				<class name="com.jcabi.jdbc.Request" filename="com/jcabi/jdbc/Request.java" line-rate="1.0" branch-rate="1.0" complexity="1.0">
					<methods>
					</methods>
					<lines>
					</lines>
				</class>
				<class name="com.jcabi.jdbc.Request$1" filename="com/jcabi/jdbc/Request.java" line-rate="1.0" branch-rate="1.0" complexity="1.0">
					<methods>
						<method name="&lt;init&gt;" signature="()V" line-rate="1.0" branch-rate="1.0" complexity="0">
							<lines>
								<line number="50" hits="1" branch="false"/>
							</lines>
						</method>
						<method name="fetch" signature="(Ljava/sql/PreparedStatement;)Ljava/sql/ResultSet;" line-rate="1.0" branch-rate="1.0" complexity="0">
							<lines>
								<line number="54" hits="33" branch="false"/>
								<line number="55" hits="33" branch="false"/>
							</lines>
						</method>
					</methods>
					<lines>
						<line number="50" hits="1" branch="false"/>
						<line number="54" hits="33" branch="false"/>
						<line number="55" hits="33" branch="false"/>
					</lines>
				</class>
				<class name="com.jcabi.jdbc.Request$2" filename="com/jcabi/jdbc/Request.java" line-rate="1.0" branch-rate="1.0" complexity="1.0">
					<methods>
						<method name="&lt;init&gt;" signature="()V" line-rate="1.0" branch-rate="1.0" complexity="0">
							<lines>
								<line number="62" hits="1" branch="false"/>
							</lines>
						</method>
						<method name="fetch" signature="(Ljava/sql/PreparedStatement;)Ljava/sql/ResultSet;" line-rate="1.0" branch-rate="1.0" complexity="0">
							<lines>
								<line number="66" hits="1" branch="false"/>
								<line number="67" hits="1" branch="false"/>
							</lines>
						</method>
					</methods>
					<lines>
						<line number="62" hits="1" branch="false"/>
						<line number="66" hits="1" branch="false"/>
						<line number="67" hits="1" branch="false"/>
					</lines>
				</class>
				<class name="com.jcabi.jdbc.Request$3" filename="com/jcabi/jdbc/Request.java" line-rate="1.0" branch-rate="1.0" complexity="1.0">
					<methods>
						<method name="&lt;init&gt;" signature="()V" line-rate="1.0" branch-rate="1.0" complexity="0">
							<lines>
								<line number="74" hits="1" branch="false"/>
							</lines>
						</method>
						<method name="fetch" signature="(Ljava/sql/PreparedStatement;)Ljava/sql/ResultSet;" line-rate="1.0" branch-rate="1.0" complexity="0">
							<lines>
								<line number="78" hits="5" branch="false"/>
							</lines>
						</method>
					</methods>
					<lines>
						<line number="74" hits="1" branch="false"/>
						<line number="78" hits="5" branch="false"/>
					</lines>
				</class>
				<class name="com.jcabi.jdbc.SingleOutcome" filename="com/jcabi/jdbc/SingleOutcome.java" line-rate="0.5135135135135135" branch-rate="0.16129032258064516" complexity="6.25">
					<methods>
						<method name="&lt;clinit&gt;" signature="()V" line-rate="1.0" branch-rate="1.0" complexity="0">
							<lines>
							</lines>
						</method>
						<method name="&lt;init&gt;" signature="(Ljava/lang/Class;)V" line-rate="1.0" branch-rate="1.0" complexity="0">
							<lines>
								<line number="92" hits="3" branch="false"/>
								<line number="93" hits="1" branch="false"/>
							</lines>
						</method>
						<method name="&lt;init&gt;" signature="(Ljava/lang/Class;Z)V" line-rate="1.0" branch-rate="0.2857142857142857" complexity="0">
							<lines>
								<line number="100" hits="3" branch="false"/>
								<line number="102" hits="3" branch="true" condition-coverage="28% (8/28)">
									<conditions>
										<condition number="0" type="jump" coverage="100%"/>
										<condition number="1" type="jump" coverage="50%"/>
										<condition number="2" type="jump" coverage="50%"/>
										<condition number="3" type="jump" coverage="50%"/>
										<condition number="4" type="jump" coverage="50%"/>
										<condition number="5" type="jump" coverage="50%"/>
										<condition number="6" type="jump" coverage="50%"/>
										<condition number="7" type="jump" coverage="0%"/>
										<condition number="8" type="jump" coverage="0%"/>
										<condition number="9" type="jump" coverage="0%"/>
										<condition number="10" type="jump" coverage="0%"/>
										<condition number="11" type="jump" coverage="0%"/>
										<condition number="12" type="jump" coverage="0%"/>
										<condition number="13" type="jump" coverage="0%"/>
									</conditions>
								</line>
								<line number="107" hits="1" branch="false"/>
								<line number="109" hits="2" branch="false"/>
								<line number="113" hits="1" branch="false"/>
								<line number="114" hits="1" branch="false"/>
							</lines>
						</method>
						<method name="ajc$preClinit" signature="()V" line-rate="1.0" branch-rate="1.0" complexity="0">
							<lines>
								<line number="1" hits="2" branch="false"/>
							</lines>
						</method>
						<method name="equals" signature="(Ljava/lang/Object;)Z" line-rate="1.0" branch-rate="1.0" complexity="0">
							<lines>
							</lines>
						</method>
						<method name="fetch" signature="(Ljava/sql/ResultSet;)Ljava/lang/Object;" line-rate="0.25" branch-rate="0.07142857142857142" complexity="0">
							<lines>
								<line number="140" hits="1" branch="false"/>
								<line number="141" hits="1" branch="true" condition-coverage="50% (1/2)">
									<conditions>
										<condition number="0" type="jump" coverage="50%"/>
									</conditions>
								</line>
								<line number="142" hits="1" branch="false"/>
								<line number="143" hits="0" branch="true" condition-coverage="0% (0/2)">
									<conditions>
										<condition number="0" type="jump" coverage="0%"/>
									</conditions>
								</line>
								<line number="144" hits="0" branch="false"/>
								<line number="145" hits="0" branch="true" condition-coverage="0% (0/2)">
									<conditions>
										<condition number="0" type="jump" coverage="0%"/>
									</conditions>
								</line>
								<line number="146" hits="0" branch="false"/>
								<line number="147" hits="0" branch="true" condition-coverage="0% (0/2)">
									<conditions>
										<condition number="0" type="jump" coverage="0%"/>
									</conditions>
								</line>
								<line number="148" hits="0" branch="false"/>
								<line number="149" hits="0" branch="true" condition-coverage="0% (0/2)">
									<conditions>
										<condition number="0" type="jump" coverage="0%"/>
									</conditions>
								</line>
								<line number="150" hits="0" branch="false"/>
								<line number="151" hits="0" branch="true" condition-coverage="0% (0/2)">
									<conditions>
										<condition number="0" type="jump" coverage="0%"/>
									</conditions>
								</line>
								<line number="152" hits="0" branch="false"/>
								<line number="153" hits="0" branch="true" condition-coverage="0% (0/2)">
									<conditions>
										<condition number="0" type="jump" coverage="0%"/>
									</conditions>
								</line>
								<line number="154" hits="0" branch="false"/>
								<line number="156" hits="0" branch="false"/>
								<line number="160" hits="0" branch="false"/>
								<line number="161" hits="0" branch="false"/>
								<line number="164" hits="1" branch="false"/>
								<line number="165" hits="1" branch="false"/>
							</lines>
						</method>
						<method name="handle" signature="(Ljava/sql/ResultSet;Ljava/sql/Statement;)Ljava/lang/Object;" line-rate="1.0" branch-rate="1.0" complexity="0">
							<lines>
							</lines>
						</method>
						<method name="handle_aroundBody0" signature="(Lcom/jcabi/jdbc/SingleOutcome;Ljava/sql/ResultSet;Ljava/sql/Statement;Lorg/aspectj/lang/JoinPoint;)Ljava/lang/Object;" line-rate="0.6666666666666666" branch-rate="0.25" complexity="0">
							<lines>
								<line number="120" hits="2" branch="false"/>
								<line number="121" hits="1" branch="true" condition-coverage="50% (1/2)">
									<conditions>
										<condition number="0" type="jump" coverage="50%"/>
									</conditions>
								</line>
								<line number="122" hits="1" branch="false"/>
								<line number="123" hits="0" branch="true" condition-coverage="0% (0/2)">
									<conditions>
										<condition number="0" type="jump" coverage="0%"/>
									</conditions>
								</line>
								<line number="124" hits="0" branch="false"/>
								<line number="126" hits="1" branch="false"/>
							</lines>
						</method>
						<method name="hashCode" signature="()I" line-rate="0.0" branch-rate="0.0" complexity="0">
							<lines>
								<line number="74" hits="0" branch="true" condition-coverage="0% (0/16)">
									<conditions>
										<condition number="0" type="jump" coverage="0%"/>
										<condition number="1" type="jump" coverage="0%"/>
										<condition number="2" type="jump" coverage="0%"/>
										<condition number="3" type="jump" coverage="0%"/>
										<condition number="4" type="jump" coverage="0%"/>
										<condition number="5" type="jump" coverage="0%"/>
										<condition number="6" type="jump" coverage="0%"/>
										<condition number="7" type="jump" coverage="0%"/>
									</conditions>
								</line>
							</lines>
						</method>
						<method name="toString" signature="()Ljava/lang/String;" line-rate="1.0" branch-rate="1.0" complexity="0">
							<lines>
								<line number="73" hits="1" branch="false"/>
							</lines>
						</method>
					</methods>
					<lines>
						<line number="1" hits="2" branch="false"/>
						<line number="73" hits="1" branch="false"/>
						<line number="74" hits="0" branch="true" condition-coverage="0% (0/16)">
							<conditions>
								<condition number="0" type="jump" coverage="0%"/>
								<condition number="1" type="jump" coverage="0%"/>
								<condition number="2" type="jump" coverage="0%"/>
								<condition number="3" type="jump" coverage="0%"/>
								<condition number="4" type="jump" coverage="0%"/>
								<condition number="5" type="jump" coverage="0%"/>
								<condition number="6" type="jump" coverage="0%"/>
								<condition number="7" type="jump" coverage="0%"/>
							</conditions>
						</line>
						<line number="92" hits="3" branch="false"/>
						<line number="93" hits="1" branch="false"/>
						<line number="100" hits="3" branch="false"/>
						<line number="102" hits="3" branch="true" condition-coverage="28% (8/28)">
							<conditions>
								<condition number="0" type="jump" coverage="100%"/>
								<condition number="1" type="jump" coverage="50%"/>
								<condition number="2" type="jump" coverage="50%"/>
								<condition number="3" type="jump" coverage="50%"/>
								<condition number="4" type="jump" coverage="50%"/>
								<condition number="5" type="jump" coverage="50%"/>
								<condition number="6" type="jump" coverage="50%"/>
								<condition number="7" type="jump" coverage="0%"/>
								<condition number="8" type="jump" coverage="0%"/>
								<condition number="9" type="jump" coverage="0%"/>
								<condition number="10" type="jump" coverage="0%"/>
								<condition number="11" type="jump" coverage="0%"/>
								<condition number="12" type="jump" coverage="0%"/>
								<condition number="13" type="jump" coverage="0%"/>
							</conditions>
						</line>
						<line number="107" hits="1" branch="false"/>
						<line number="109" hits="2" branch="false"/>
						<line number="113" hits="1" branch="false"/>
						<line number="114" hits="1" branch="false"/>
						<line number="120" hits="2" branch="false"/>
						<line number="121" hits="1" branch="true" condition-coverage="50% (1/2)">
							<conditions>
								<condition number="0" type="jump" coverage="50%"/>
							</conditions>
						</line>
						<line number="122" hits="1" branch="false"/>
						<line number="123" hits="0" branch="true" condition-coverage="0% (0/2)">
							<conditions>
								<condition number="0" type="jump" coverage="0%"/>
							</conditions>
						</line>
						<line number="124" hits="0" branch="false"/>
						<line number="126" hits="1" branch="false"/>
						<line number="140" hits="1" branch="false"/>
						<line number="141" hits="1" branch="true" condition-coverage="50% (1/2)">
							<conditions>
								<condition number="0" type="jump" coverage="50%"/>
							</conditions>
						</line>
						<line number="142" hits="1" branch="false"/>
						<line number="143" hits="0" branch="true" condition-coverage="0% (0/2)">
							<conditions>
								<condition number="0" type="jump" coverage="0%"/>
							</conditions>
						</line>
						<line number="144" hits="0" branch="false"/>
						<line number="145" hits="0" branch="true" condition-coverage="0% (0/2)">
							<conditions>
								<condition number="0" type="jump" coverage="0%"/>
							</conditions>
						</line>
						<line number="146" hits="0" branch="false"/>
						<line number="147" hits="0" branch="true" condition-coverage="0% (0/2)">
							<conditions>
								<condition number="0" type="jump" coverage="0%"/>
							</conditions>
						</line>
						<line number="148" hits="0" branch="false"/>
						<line number="149" hits="0" branch="true" condition-coverage="0% (0/2)">
							<conditions>
								<condition number="0" type="jump" coverage="0%"/>
							</conditions>
						</line>
						<line number="150" hits="0" branch="false"/>
						<line number="151" hits="0" branch="true" condition-coverage="0% (0/2)">
							<conditions>
								<condition number="0" type="jump" coverage="0%"/>
							</conditions>
						</line>
						<line number="152" hits="0" branch="false"/>
						<line number="153" hits="0" branch="true" condition-coverage="0% (0/2)">
							<conditions>
								<condition number="0" type="jump" coverage="0%"/>
							</conditions>
						</line>
						<line number="154" hits="0" branch="false"/>
						<line number="156" hits="0" branch="false"/>
						<line number="160" hits="0" branch="false"/>
						<line number="161" hits="0" branch="false"/>
						<line number="164" hits="1" branch="false"/>
						<line number="165" hits="1" branch="false"/>
					</lines>
				</class>
				<class name="com.jcabi.jdbc.SingleOutcome$AjcClosure1" filename="com/jcabi/jdbc/SingleOutcome.java" line-rate="1.0" branch-rate="1.0" complexity="6.25">
					<methods>
						<method name="&lt;init&gt;" signature="([Ljava/lang/Object;)V" line-rate="1.0" branch-rate="1.0" complexity="0">
							<lines>
							</lines>
						</method>
						<method name="run" signature="([Ljava/lang/Object;)Ljava/lang/Object;" line-rate="1.0" branch-rate="1.0" complexity="0">
							<lines>
								<line number="1" hits="2" branch="false"/>
							</lines>
						</method>
					</methods>
					<lines>
						<line number="1" hits="2" branch="false"/>
					</lines>
				</class>
				<class name="com.jcabi.jdbc.StaticSource" filename="com/jcabi/jdbc/StaticSource.java" line-rate="0.0" branch-rate="0.0" complexity="1.7">
					<methods>
						<method name="&lt;init&gt;" signature="(Ljava/sql/Connection;)V" line-rate="0.0" branch-rate="1.0" complexity="0">
							<lines>
								<line number="59" hits="0" branch="false"/>
								<line number="60" hits="0" branch="false"/>
								<line number="61" hits="0" branch="false"/>
							</lines>
						</method>
						<method name="equals" signature="(Ljava/lang/Object;)Z" line-rate="1.0" branch-rate="1.0" complexity="0">
							<lines>
							</lines>
						</method>
						<method name="getConnection" signature="()Ljava/sql/Connection;" line-rate="0.0" branch-rate="1.0" complexity="0">
							<lines>
								<line number="65" hits="0" branch="false"/>
							</lines>
						</method>
						<method name="getConnection" signature="(Ljava/lang/String;Ljava/lang/String;)Ljava/sql/Connection;" line-rate="0.0" branch-rate="1.0" complexity="0">
							<lines>
								<line number="71" hits="0" branch="false"/>
							</lines>
						</method>
						<method name="getLogWriter" signature="()Ljava/io/PrintWriter;" line-rate="0.0" branch-rate="1.0" complexity="0">
							<lines>
								<line number="76" hits="0" branch="false"/>
							</lines>
						</method>
						<method name="getLoginTimeout" signature="()I" line-rate="0.0" branch-rate="1.0" complexity="0">
							<lines>
								<line number="91" hits="0" branch="false"/>
							</lines>
						</method>
						<method name="getParentLogger" signature="()Ljava/util/logging/Logger;" line-rate="0.0" branch-rate="1.0" complexity="0">
							<lines>
								<line number="96" hits="0" branch="false"/>
							</lines>
						</method>
						<method name="hashCode" signature="()I" line-rate="0.0" branch-rate="0.0" complexity="0">
							<lines>
								<line number="47" hits="0" branch="true" condition-coverage="0% (0/12)">
									<conditions>
										<condition number="0" type="jump" coverage="0%"/>
										<condition number="1" type="jump" coverage="0%"/>
										<condition number="2" type="jump" coverage="0%"/>
										<condition number="3" type="jump" coverage="0%"/>
										<condition number="4" type="jump" coverage="0%"/>
										<condition number="5" type="jump" coverage="0%"/>
									</conditions>
								</line>
							</lines>
						</method>
						<method name="isWrapperFor" signature="(Ljava/lang/Class;)Z" line-rate="0.0" branch-rate="1.0" complexity="0">
							<lines>
								<line number="106" hits="0" branch="false"/>
							</lines>
						</method>
						<method name="setLogWriter" signature="(Ljava/io/PrintWriter;)V" line-rate="0.0" branch-rate="1.0" complexity="0">
							<lines>
								<line number="81" hits="0" branch="false"/>
							</lines>
						</method>
						<method name="setLoginTimeout" signature="(I)V" line-rate="0.0" branch-rate="1.0" complexity="0">
							<lines>
								<line number="86" hits="0" branch="false"/>
							</lines>
						</method>
						<method name="toString" signature="()Ljava/lang/String;" line-rate="0.0" branch-rate="1.0" complexity="0">
							<lines>
								<line number="46" hits="0" branch="false"/>
							</lines>
						</method>
						<method name="unwrap" signature="(Ljava/lang/Class;)Ljava/lang/Object;" line-rate="0.0" branch-rate="1.0" complexity="0">
							<lines>
								<line number="101" hits="0" branch="false"/>
							</lines>
						</method>
					</methods>
					<lines>
						<line number="46" hits="0" branch="false"/>
						<line number="47" hits="0" branch="true" condition-coverage="0% (0/12)">
							<conditions>
								<condition number="0" type="jump" coverage="0%"/>
								<condition number="1" type="jump" coverage="0%"/>
								<condition number="2" type="jump" coverage="0%"/>
								<condition number="3" type="jump" coverage="0%"/>
								<condition number="4" type="jump" coverage="0%"/>
								<condition number="5" type="jump" coverage="0%"/>
							</conditions>
						</line>
						<line number="59" hits="0" branch="false"/>
						<line number="60" hits="0" branch="false"/>
						<line number="61" hits="0" branch="false"/>
						<line number="65" hits="0" branch="false"/>
						<line number="71" hits="0" branch="false"/>
						<line number="76" hits="0" branch="false"/>
						<line number="81" hits="0" branch="false"/>
						<line number="86" hits="0" branch="false"/>
						<line number="91" hits="0" branch="false"/>
						<line number="96" hits="0" branch="false"/>
						<line number="101" hits="0" branch="false"/>
						<line number="106" hits="0" branch="false"/>
					</lines>
				</class>
				<class name="com.jcabi.jdbc.Utc" filename="com/jcabi/jdbc/Utc.java" line-rate="0.8235294117647058" branch-rate="0.07142857142857142" complexity="1.2">
					<methods>
						<method name="&lt;clinit&gt;" signature="()V" line-rate="1.0" branch-rate="1.0" complexity="0">
							<lines>
								<line number="84" hits="1" branch="false"/>
							</lines>
						</method>
						<method name="&lt;init&gt;" signature="()V" line-rate="0.0" branch-rate="1.0" complexity="0">
							<lines>
								<line number="96" hits="0" branch="false"/>
								<line number="97" hits="0" branch="false"/>
							</lines>
						</method>
						<method name="&lt;init&gt;" signature="(Ljava/util/Date;)V" line-rate="1.0" branch-rate="1.0" complexity="0">
							<lines>
								<line number="103" hits="2" branch="false"/>
								<line number="104" hits="2" branch="false"/>
								<line number="105" hits="2" branch="false"/>
							</lines>
						</method>
						<method name="ajc$preClinit" signature="()V" line-rate="1.0" branch-rate="1.0" complexity="0">
							<lines>
								<line number="1" hits="1" branch="false"/>
							</lines>
						</method>
						<method name="equals" signature="(Ljava/lang/Object;)Z" line-rate="1.0" branch-rate="1.0" complexity="0">
							<lines>
							</lines>
						</method>
						<method name="getDate" signature="()Ljava/util/Date;" line-rate="1.0" branch-rate="1.0" complexity="0">
							<lines>
							</lines>
						</method>
						<method name="getDate_aroundBody0" signature="(Lcom/jcabi/jdbc/Utc;Lorg/aspectj/lang/JoinPoint;)Ljava/util/Date;" line-rate="1.0" branch-rate="1.0" complexity="0">
							<lines>
								<line number="113" hits="4" branch="false"/>
							</lines>
						</method>
						<method name="getTimestamp" signature="(Ljava/sql/ResultSet;I)Ljava/util/Date;" line-rate="1.0" branch-rate="1.0" complexity="0">
							<lines>
							</lines>
						</method>
						<method name="getTimestamp_aroundBody4" signature="(Ljava/sql/ResultSet;ILorg/aspectj/lang/JoinPoint;)Ljava/util/Date;" line-rate="1.0" branch-rate="0.5" complexity="0">
							<lines>
								<line number="142" hits="2" branch="false"/>
								<line number="143" hits="1" branch="false"/>
								<line number="144" hits="1" branch="true" condition-coverage="50% (1/2)">
									<conditions>
										<condition number="0" type="jump" coverage="50%"/>
									</conditions>
								</line>
								<line number="145" hits="1" branch="false"/>
								<line number="147" hits="1" branch="false"/>
							</lines>
						</method>
						<method name="hashCode" signature="()I" line-rate="0.0" branch-rate="0.0" complexity="0">
							<lines>
								<line number="78" hits="0" branch="true" condition-coverage="0% (0/12)">
									<conditions>
										<condition number="0" type="jump" coverage="0%"/>
										<condition number="1" type="jump" coverage="0%"/>
										<condition number="2" type="jump" coverage="0%"/>
										<condition number="3" type="jump" coverage="0%"/>
										<condition number="4" type="jump" coverage="0%"/>
										<condition number="5" type="jump" coverage="0%"/>
									</conditions>
								</line>
							</lines>
						</method>
						<method name="setTimestamp" signature="(Ljava/sql/PreparedStatement;I)V" line-rate="1.0" branch-rate="1.0" complexity="0">
							<lines>
							</lines>
						</method>
						<method name="setTimestamp_aroundBody2" signature="(Lcom/jcabi/jdbc/Utc;Ljava/sql/PreparedStatement;ILorg/aspectj/lang/JoinPoint;)V" line-rate="1.0" branch-rate="1.0" complexity="0">
							<lines>
								<line number="125" hits="4" branch="false"/>
								<line number="130" hits="2" branch="false"/>
							</lines>
						</method>
						<method name="toString" signature="()Ljava/lang/String;" line-rate="1.0" branch-rate="1.0" complexity="0">
							<lines>
								<line number="77" hits="2" branch="false"/>
							</lines>
						</method>
					</methods>
					<lines>
						<line number="1" hits="1" branch="false"/>
						<line number="77" hits="2" branch="false"/>
						<line number="78" hits="0" branch="true" condition-coverage="0% (0/12)">
							<conditions>
								<condition number="0" type="jump" coverage="0%"/>
								<condition number="1" type="jump" coverage="0%"/>
								<condition number="2" type="jump" coverage="0%"/>
								<condition number="3" type="jump" coverage="0%"/>
								<condition number="4" type="jump" coverage="0%"/>
								<condition number="5" type="jump" coverage="0%"/>
							</conditions>
						</line>
						<line number="84" hits="1" branch="false"/>
						<line number="96" hits="0" branch="false"/>
						<line number="97" hits="0" branch="false"/>
						<line number="103" hits="2" branch="false"/>
						<line number="104" hits="2" branch="false"/>
						<line number="105" hits="2" branch="false"/>
						<line number="113" hits="4" branch="false"/>
						<line number="125" hits="4" branch="false"/>
						<line number="130" hits="2" branch="false"/>
						<line number="142" hits="2" branch="false"/>
						<line number="143" hits="1" branch="false"/>
						<line number="144" hits="1" branch="true" condition-coverage="50% (1/2)">
							<conditions>
								<condition number="0" type="jump" coverage="50%"/>
							</conditions>
						</line>
						<line number="145" hits="1" branch="false"/>
						<line number="147" hits="1" branch="false"/>
					</lines>
				</class>
				<class name="com.jcabi.jdbc.Utc$AjcClosure1" filename="com/jcabi/jdbc/Utc.java" line-rate="1.0" branch-rate="1.0" complexity="1.2">
					<methods>
						<method name="&lt;init&gt;" signature="([Ljava/lang/Object;)V" line-rate="1.0" branch-rate="1.0" complexity="0">
							<lines>
							</lines>
						</method>
						<method name="run" signature="([Ljava/lang/Object;)Ljava/lang/Object;" line-rate="1.0" branch-rate="1.0" complexity="0">
							<lines>
								<line number="1" hits="4" branch="false"/>
							</lines>
						</method>
					</methods>
					<lines>
						<line number="1" hits="4" branch="false"/>
					</lines>
				</class>
				<class name="com.jcabi.jdbc.Utc$AjcClosure3" filename="com/jcabi/jdbc/Utc.java" line-rate="1.0" branch-rate="1.0" complexity="1.2">
					<methods>
						<method name="&lt;init&gt;" signature="([Ljava/lang/Object;)V" line-rate="1.0" branch-rate="1.0" complexity="0">
							<lines>
							</lines>
						</method>
						<method name="run" signature="([Ljava/lang/Object;)Ljava/lang/Object;" line-rate="1.0" branch-rate="1.0" complexity="0">
							<lines>
								<line number="1" hits="4" branch="false"/>
							</lines>
						</method>
					</methods>
					<lines>
						<line number="1" hits="4" branch="false"/>
					</lines>
				</class>
				<class name="com.jcabi.jdbc.Utc$AjcClosure5" filename="com/jcabi/jdbc/Utc.java" line-rate="1.0" branch-rate="1.0" complexity="1.2">
					<methods>
						<method name="&lt;init&gt;" signature="([Ljava/lang/Object;)V" line-rate="1.0" branch-rate="1.0" complexity="0">
							<lines>
							</lines>
						</method>
						<method name="run" signature="([Ljava/lang/Object;)Ljava/lang/Object;" line-rate="1.0" branch-rate="1.0" complexity="0">
							<lines>
								<line number="1" hits="2" branch="false"/>
							</lines>
						</method>
					</methods>
					<lines>
						<line number="1" hits="2" branch="false"/>
					</lines>
				</class>
			</classes>
		</package>
	</packages>
</coverage>
